[2022-08-09 12;06:53.017] [INFO ] [restartedMain] com.does.springbootcg.SpringbootCgApplication Starting SpringbootCgApplication using Java 11 on DESKTOP-O0Q4LQV with PID 28344 (D:\study\springboot-cg\target\classes started by doess in D:\study\springboot-cg)
[2022-08-09 12;06:53.017] [INFO ] [restartedMain] com.does.springbootcg.SpringbootCgApplication No active profile set, falling back to default profiles: default
[2022-08-09 12;06:53.057] [INFO ] [restartedMain] org.springframework.boot.devtools.env.DevToolsPropertyDefaultsPostProcessor Devtools property defaults active! Set 'spring.devtools.add-properties' to 'false' to disable
[2022-08-09 12;06:53.057] [INFO ] [restartedMain] org.springframework.boot.devtools.env.DevToolsPropertyDefaultsPostProcessor For additional web related logging consider setting the 'logging.level.web' property to 'DEBUG'
[2022-08-09 12;06:53.770] [INFO ] [restartedMain] org.springframework.boot.web.embedded.tomcat.TomcatWebServer Tomcat initialized with port(s): 80 (http)
[2022-08-09 12;06:53.776] [INFO ] [restartedMain] org.apache.coyote.http11.Http11NioProtocol Initializing ProtocolHandler ["http-nio-80"]
[2022-08-09 12;06:53.776] [INFO ] [restartedMain] org.apache.catalina.core.StandardService Starting service [Tomcat]
[2022-08-09 12;06:53.776] [INFO ] [restartedMain] org.apache.catalina.core.StandardEngine Starting Servlet engine: [Apache Tomcat/9.0.54]
[2022-08-09 12;06:53.828] [INFO ] [restartedMain] org.apache.catalina.core.ContainerBase.[Tomcat].[localhost].[/] Initializing Spring embedded WebApplicationContext
[2022-08-09 12;06:53.828] [INFO ] [restartedMain] org.springframework.boot.web.servlet.context.ServletWebServerApplicationContext Root WebApplicationContext: initialization completed in 770 ms
[2022-08-09 12;06:54.052] [INFO ] [restartedMain] springfox.documentation.spring.web.PropertySourcedRequestMappingHandlerMapping Mapped URL path [/v2/api-docs] onto method [springfox.documentation.swagger2.web.Swagger2Controller#getDocumentation(String, HttpServletRequest)]
[2022-08-09 12;06:54.125] [INFO ] [restartedMain] org.springframework.boot.devtools.autoconfigure.OptionalLiveReloadServer LiveReload server is running on port 35729
[2022-08-09 12;06:54.138] [INFO ] [restartedMain] org.springframework.boot.autoconfigure.web.servlet.WelcomePageHandlerMapping Adding welcome page: class path resource [static/index.html]
[2022-08-09 12;06:54.193] [INFO ] [restartedMain] org.apache.coyote.http11.Http11NioProtocol Starting ProtocolHandler ["http-nio-80"]
[2022-08-09 12;06:54.206] [INFO ] [restartedMain] org.springframework.boot.web.embedded.tomcat.TomcatWebServer Tomcat started on port(s): 80 (http) with context path ''
[2022-08-09 12;06:54.207] [INFO ] [restartedMain] springfox.documentation.spring.web.plugins.DocumentationPluginsBootstrapper Context refreshed
[2022-08-09 12;06:54.217] [INFO ] [restartedMain] springfox.documentation.spring.web.plugins.DocumentationPluginsBootstrapper Found 1 custom documentation plugin(s)
[2022-08-09 12;06:54.234] [INFO ] [restartedMain] springfox.documentation.spring.web.scanners.ApiListingReferenceScanner Scanning for api listing references
[2022-08-09 12;06:54.330] [INFO ] [restartedMain] com.does.springbootcg.SpringbootCgApplication Started SpringbootCgApplication in 1.63 seconds (JVM running for 2.644)
[2022-08-09 12;07:07.918] [INFO ] [http-nio-80-exec-1] org.apache.catalina.core.ContainerBase.[Tomcat].[localhost].[/] Initializing Spring DispatcherServlet 'dispatcherServlet'
[2022-08-09 12;07:07.920] [INFO ] [http-nio-80-exec-1] org.springframework.web.servlet.DispatcherServlet Initializing Servlet 'dispatcherServlet'
[2022-08-09 12;07:07.920] [INFO ] [http-nio-80-exec-1] org.springframework.web.servlet.DispatcherServlet Completed initialization in 0 ms
[2022-08-09 12:08:07.581] [INFO ] [restartedMain] com.does.springbootcg.SpringbootCgApplication Starting SpringbootCgApplication using Java 11 on DESKTOP-O0Q4LQV with PID 29348 (D:\study\springboot-cg\target\classes started by doess in D:\study\springboot-cg)
[2022-08-09 12:08:07.582] [INFO ] [restartedMain] com.does.springbootcg.SpringbootCgApplication No active profile set, falling back to default profiles: default
[2022-08-09 12:08:07.613] [INFO ] [restartedMain] org.springframework.boot.devtools.env.DevToolsPropertyDefaultsPostProcessor Devtools property defaults active! Set 'spring.devtools.add-properties' to 'false' to disable
[2022-08-09 12:08:07.613] [INFO ] [restartedMain] org.springframework.boot.devtools.env.DevToolsPropertyDefaultsPostProcessor For additional web related logging consider setting the 'logging.level.web' property to 'DEBUG'
[2022-08-09 12:08:08.311] [INFO ] [restartedMain] org.springframework.boot.web.embedded.tomcat.TomcatWebServer Tomcat initialized with port(s): 80 (http)
[2022-08-09 12:08:08.315] [INFO ] [restartedMain] org.apache.coyote.http11.Http11NioProtocol Initializing ProtocolHandler ["http-nio-80"]
[2022-08-09 12:08:08.315] [INFO ] [restartedMain] org.apache.catalina.core.StandardService Starting service [Tomcat]
[2022-08-09 12:08:08.316] [INFO ] [restartedMain] org.apache.catalina.core.StandardEngine Starting Servlet engine: [Apache Tomcat/9.0.54]
[2022-08-09 12:08:08.367] [INFO ] [restartedMain] org.apache.catalina.core.ContainerBase.[Tomcat].[localhost].[/] Initializing Spring embedded WebApplicationContext
[2022-08-09 12:08:08.367] [INFO ] [restartedMain] org.springframework.boot.web.servlet.context.ServletWebServerApplicationContext Root WebApplicationContext: initialization completed in 753 ms
[2022-08-09 12:08:08.562] [INFO ] [restartedMain] springfox.documentation.spring.web.PropertySourcedRequestMappingHandlerMapping Mapped URL path [/v2/api-docs] onto method [springfox.documentation.swagger2.web.Swagger2Controller#getDocumentation(String, HttpServletRequest)]
[2022-08-09 12:08:08.628] [INFO ] [restartedMain] org.springframework.boot.devtools.autoconfigure.OptionalLiveReloadServer LiveReload server is running on port 35729
[2022-08-09 12:08:08.640] [INFO ] [restartedMain] org.springframework.boot.autoconfigure.web.servlet.WelcomePageHandlerMapping Adding welcome page: class path resource [static/index.html]
[2022-08-09 12:08:08.688] [INFO ] [restartedMain] org.apache.coyote.http11.Http11NioProtocol Starting ProtocolHandler ["http-nio-80"]
[2022-08-09 12:08:08.700] [INFO ] [restartedMain] org.springframework.boot.web.embedded.tomcat.TomcatWebServer Tomcat started on port(s): 80 (http) with context path ''
[2022-08-09 12:08:08.702] [INFO ] [restartedMain] springfox.documentation.spring.web.plugins.DocumentationPluginsBootstrapper Context refreshed
[2022-08-09 12:08:08.710] [INFO ] [restartedMain] springfox.documentation.spring.web.plugins.DocumentationPluginsBootstrapper Found 1 custom documentation plugin(s)
[2022-08-09 12:08:08.727] [INFO ] [restartedMain] springfox.documentation.spring.web.scanners.ApiListingReferenceScanner Scanning for api listing references
[2022-08-09 12:08:08.812] [INFO ] [restartedMain] com.does.springbootcg.SpringbootCgApplication Started SpringbootCgApplication in 1.531 seconds (JVM running for 2.507)
[2022-08-09 12:08:44.400] [INFO ] [http-nio-80-exec-1] org.apache.catalina.core.ContainerBase.[Tomcat].[localhost].[/] Initializing Spring DispatcherServlet 'dispatcherServlet'
[2022-08-09 12:08:44.402] [INFO ] [http-nio-80-exec-1] org.springframework.web.servlet.DispatcherServlet Initializing Servlet 'dispatcherServlet'
[2022-08-09 12:08:44.403] [INFO ] [http-nio-80-exec-1] org.springframework.web.servlet.DispatcherServlet Completed initialization in 1 ms
[2022-08-09 12:09:30.928] [INFO ] [http-nio-80-exec-3] com.does.springbootcg.biz.controller.HelloController params : {additionalProp1=string, additionalProp2=string, additionalProp3=string}
